\BOOKMARK [1][-]{section.1}{Introduction}{}% 1
\BOOKMARK [1][-]{section.2}{Understanding the need of DAM in Pakistan}{}% 2
\BOOKMARK [1][-]{section.3}{Construction Time And Budget}{}% 3
\BOOKMARK [1][-]{section.4}{Location}{}% 4
\BOOKMARK [1][-]{section.5}{Details}{}% 5
\BOOKMARK [1][-]{section.6}{Income Sources}{}% 6
\BOOKMARK [2][-]{subsection.6.1}{Online Transaction fund}{section.6}% 7
\BOOKMARK [2][-]{subsection.6.2}{SMS}{section.6}% 8
\BOOKMARK [2][-]{subsection.6.3}{CJ/PM Fund, International Fund Raising Trip}{section.6}% 9
\BOOKMARK [2][-]{subsection.6.4}{Loan}{section.6}% 10
\BOOKMARK [2][-]{subsection.6.5}{Govt Budget}{section.6}% 11
\BOOKMARK [2][-]{subsection.6.6}{Wapda}{section.6}% 12
\BOOKMARK [2][-]{subsection.6.7}{Provincial Govt}{section.6}% 13
\BOOKMARK [2][-]{subsection.6.8}{Pakistan Railway train service}{section.6}% 14
\BOOKMARK [2][-]{subsection.6.9}{Salary of Govt Employees}{section.6}% 15
\BOOKMARK [2][-]{subsection.6.10}{Tax on Bills}{section.6}% 16
\BOOKMARK [1][-]{section.7}{Consideration}{}% 17
\BOOKMARK [2][-]{subsection.7.1}{Access Information}{section.7}% 18
\BOOKMARK [2][-]{subsection.7.2}{Environmental Impact}{section.7}% 19
\BOOKMARK [2][-]{subsection.7.3}{Resettlement}{section.7}% 20
\BOOKMARK [2][-]{subsection.7.4}{Currency Devaluation}{section.7}% 21
\BOOKMARK [2][-]{subsection.7.5}{Forecast Data}{section.7}% 22
\BOOKMARK [1][-]{section.8}{Conclusion}{}% 23
\BOOKMARK [1][-]{section*.9}{References}{}% 24
